<?xml version="1.0" encoding="UTF-8"?>
<!-- Generated by org.testng.reporters.JUnitXMLReporter -->
<testsuite ignored="1" hostname="Mehedi" failures="0" tests="5" name="Default test" time="56.903" errors="0" timestamp="2025-07-04T05:23:35 BDT">
  <testcase classname="com.mehedi.hasan.tests.LoginTest" name="multipleLoginTest" time="7.542"/>
  <testcase classname="com.mehedi.hasan.tests.LoginTest" name="multipleLoginTest" time="6.657"/>
  <testcase classname="com.mehedi.hasan.tests.LoginTest" name="multipleLoginTest" time="6.851"/>
  <testcase classname="com.mehedi.hasan.tests.LoginTest" name="multipleLoginTest" time="8.454"/>
  <testcase classname="com.mehedi.hasan.tests.LoginTest" name="multipleLoginTest" time="6.683"/>
  <testcase classname="com.mehedi.hasan.utilities.commonMathod" name="dataGenrator" time="0.0">
    <ignored/>
  </testcase> <!-- dataGenrator -->
</testsuite> <!-- Default test -->
